[debug] [2018-09-27T00:13:33.200Z] ----------------------------------------------------------------------
[debug] [2018-09-27T00:13:33.202Z] Command:       D:\NodeJS\node.exe C:\Users\Burak\AppData\Roaming\npm\node_modules\firebase-tools\bin\firebase serve
[debug] [2018-09-27T00:13:33.202Z] CLI Version:   4.2.1
[debug] [2018-09-27T00:13:33.202Z] Platform:      win32
[debug] [2018-09-27T00:13:33.202Z] Node Version:  v8.11.3
[debug] [2018-09-27T00:13:33.202Z] Time:          Thu Sep 27 2018 03:13:33 GMT+0300 (Türkiye Standart Saati)
[debug] [2018-09-27T00:13:33.202Z] ----------------------------------------------------------------------
[debug] 
[debug] [2018-09-27T00:13:33.210Z] > command requires scopes: ["email","openid","https://www.googleapis.com/auth/cloudplatformprojects.readonly","https://www.googleapis.com/auth/firebase","https://www.googleapis.com/auth/cloud-platform"]
[debug] [2018-09-27T00:13:33.210Z] > authorizing via signed-in user
[debug] [2018-09-27T00:13:33.212Z] >>> HTTP REQUEST GET https://admin.firebase.com/v1/projects/bau-international-sailing-club  
 
[debug] [2018-09-27T00:13:34.037Z] <<< HTTP RESPONSE 200
[debug] [2018-09-27T00:13:34.038Z] >>> HTTP REQUEST GET https://cloudresourcemanager.googleapis.com/v1/projects/bau-international-sailing-club  
 
[debug] [2018-09-27T00:13:35.207Z] <<< HTTP RESPONSE 200
[info] 
[info] === Serving from 'C:\Users\Burak\Documents\BAUISCRouter'...
[info] 
[debug] [2018-09-27T00:13:35.211Z] >>> HTTP REQUEST GET https://mobilesdk-pa.googleapis.com/v1/projects/78219079370/clients/_:getWebAppConfig  
 
[debug] [2018-09-27T00:13:35.673Z] <<< HTTP RESPONSE 200
[info] i  hosting[bau-international-sailing-club]: Serving hosting files from: /
[info] +  hosting[bau-international-sailing-club]: Local server: http://localhost:5000
